/* -*- Mode: c -*- */
####################################################################################################
Core 0
####################################################################################################
Cumulative:        Cycles: 7726                  Instructions: 1003                  IPC: 0.12982

Periodic:          Cycles: 7726                  Instructions: 1003                  IPC: 0.12982

EXECUTION_TIME                              2414375000                     2414375000              

NODE_CYCLE                                        7726                           7726              

NODE_INST_COUNT                                   1003                           1003              

NODE_INST_COUNT_FETCHED                           1003                           1003              

NODE_UOP_COUNT                                    1068                           1068              

EXEC_STAGE_NO_ISSUE_STALL_CYCLE                    555                            555              

EXEC_STAGE_NO_ISSUE_STALL_CYCLE_ONPATH             433                            433              

FULL_WINDOW_STALL                                   35        0.453%               35        0.453%

FULL_WINDOW_MEM_OP                                  33      100.000%               33      100.000%
FULL_WINDOW_FP_OP                                    0        0.000%                0        0.000%
FULL_WINDOW_OTHER_OP                                 0        0.000%                0        0.000%
                                                    33      100.000%               33      100.000%
                                                  0.00         0.00              0.00         0.00

RET_BLOCKED_DC_MISS                               6273       81.193%             6273       81.193%

RET_BLOCKED_L1_MISS                               5593       72.392%             5593       72.392%

RET_BLOCKED_L1_MISS_BW_PREF                          0        0.000%                0        0.000%

RET_BLOCKED_L1_ACCESS                              680        8.801%              680        8.801%

RET_BLOCKED_MEM_STALL                             5593       72.392%             5593       72.392%

RET_BLOCKED_OFFCHIP_DEMAND                           0        0.000%                0        0.000%

OP_ISSUED                                         1467                           1467              

OP_RETIRED                                        1068                           1068              

OP_MACRO_FUSION_ONPATH                               0                              0              

OP_MACRO_FUSION_OFFPATH                              0                              0              

REPLAY_SIGNALED                                      0                              0              

REPLAY_COUNTED                                       0                              0              

OFF_CRITICAL_PATH                                    0         -nan%                0         -nan%
ON_CRITICAL_PATH                                     0         -nan%                0         -nan%
                                                     0         -nan%                0         -nan%
                                                  -nan         -nan              -nan         -nan

LD_NO_DEPENDENTS                                    44       17.600%               44       17.600%
LD_DEPENDENTS                                      206       82.400%              206       82.400%
                                                   250      100.000%              250      100.000%
                                                  0.82         0.77              0.82         0.77

LD_EXEC_CYCLES_0                                     0         -nan%                0         -nan%
LD_EXEC_CYCLES_1                                     0         -nan%                0         -nan%
LD_EXEC_CYCLES_2                                     0         -nan%                0         -nan%
LD_EXEC_CYCLES_3                                     0         -nan%                0         -nan%
LD_EXEC_CYCLES_4                                     0         -nan%                0         -nan%
                                                     0         -nan%                0         -nan%
                                                  -nan         -nan              -nan         -nan

ICACHE_STAGE_STARVED                              6604       96.975%             6604       96.975%
ICACHE_STAGE_NOT_STARVED                           206        3.025%              206        3.025%
                                                  6810      100.000%             6810      100.000%
                                                  0.03         0.17              0.03         0.17

ICACHE_STAGE_STALLED                                 0        0.000%                0        0.000%
ICACHE_STAGE_NOT_STALLED                          6810       88.144%             6810       88.144%
ICACHE_STAGE_OFF_PATH                              916       11.856%              916       11.856%
                                                  7726      100.000%             7726      100.000%
                                                  1.12         0.50              1.12         0.50

DECODE_STAGE_STARVED                              6630       96.464%             6630       96.464%
DECODE_STAGE_NOT_STARVED                           243        3.536%              243        3.536%
                                                  6873      100.000%             6873      100.000%
                                                  0.04         0.18              0.04         0.18

DECODE_STAGE_STALLED                                 0        0.000%                0        0.000%
DECODE_STAGE_NOT_STALLED                          6873       88.959%             6873       88.959%
DECODE_STAGE_OFF_PATH                              853       11.041%              853       11.041%
                                                  7726      100.000%             7726      100.000%
                                                  1.11         0.48              1.11         0.48

UOPQ_STAGE_STARVED                                7696       99.961%             7696       99.961%
UOPQ_STAGE_NOT_STARVED                               3        0.039%                3        0.039%
                                                  7699      100.000%             7699      100.000%
                                                  0.00         0.02              0.00         0.02

UOPQ_STAGE_STALLED                                   0        0.000%                0        0.000%
UOPQ_STAGE_NOT_STALLED                            7699       99.651%             7699       99.651%
UOPQ_STAGE_OFF_PATH                                 27        0.349%               27        0.349%
                                                  7726      100.000%             7726      100.000%
                                                  1.00         0.08              1.00         0.08

RS_OP_READY_NOT_ISSUED_TOTAL                         8                              8              

RS_0_OP_READY_NOT_ISSUED                             0                              0              

RS_1_OP_READY_NOT_ISSUED                             4                              4              

RS_2_OP_READY_NOT_ISSUED                             4                              4              

RS_3_OP_READY_NOT_ISSUED                             0                              0              

RS_4_OP_READY_NOT_ISSUED                             0                              0              

RS_5_OP_READY_NOT_ISSUED                             0                              0              

RS_6_OP_READY_NOT_ISSUED                             0                              0              

RS_7_OP_READY_NOT_ISSUED                             0                              0              

RS_7_PLUS_OP_READY_NOT_ISSUED                        0                              0              

FU_IDLE_NO_READY_OPS_TOTAL                       59109                          59109              

FU_0_IDLE_NO_READY_OPS                            7147                           7147              

FU_1_IDLE_NO_READY_OPS                            7270                           7270              

FU_2_IDLE_NO_READY_OPS                            7479                           7479              

FU_3_IDLE_NO_READY_OPS                            7528                           7528              

FU_4_IDLE_NO_READY_OPS                            7318                           7318              

FU_5_IDLE_NO_READY_OPS                            7267                           7267              

FU_6_IDLE_NO_READY_OPS                            7563                           7563              

FU_7_IDLE_NO_READY_OPS                            7537                           7537              

FU_8_IDLE_NO_READY_OPS                               0                              0              

FU_9_IDLE_NO_READY_OPS                               0                              0              

FU_10_IDLE_NO_READY_OPS                              0                              0              

FU_11_IDLE_NO_READY_OPS                              0                              0              

FU_12_IDLE_NO_READY_OPS                              0                              0              

FU_13_IDLE_NO_READY_OPS                              0                              0              

FU_14_IDLE_NO_READY_OPS                              0                              0              

FU_15_IDLE_NO_READY_OPS                              0                              0              

FU_16_IDLE_NO_READY_OPS                              0                              0              

FU_17_IDLE_NO_READY_OPS                              0                              0              

FU_18_IDLE_NO_READY_OPS                              0                              0              

FU_19_IDLE_NO_READY_OPS                              0                              0              

FU_20_IDLE_NO_READY_OPS                              0                              0              

FU_21_IDLE_NO_READY_OPS                              0                              0              

FU_22_IDLE_NO_READY_OPS                              0                              0              

FU_23_IDLE_NO_READY_OPS                              0                              0              

FU_24_IDLE_NO_READY_OPS                              0                              0              

FU_25_IDLE_NO_READY_OPS                              0                              0              

FU_26_IDLE_NO_READY_OPS                              0                              0              

FU_27_IDLE_NO_READY_OPS                              0                              0              

FU_28_IDLE_NO_READY_OPS                              0                              0              

FU_29_IDLE_NO_READY_OPS                              0                              0              

FU_30_IDLE_NO_READY_OPS                              0                              0              

FU_31_IDLE_NO_READY_OPS                              0                              0              

FU_31_PLUS_IDLE_NO_READY_OPS                         0                              0              

MAP_STAGE_STARVED                                 6808       96.677%             6808       96.677%
MAP_STAGE_NOT_STARVED                              234        3.323%              234        3.323%
                                                  7042      100.000%             7042      100.000%
                                                  0.03         0.18              0.03         0.18

MAP_STAGE_STALLED                                    0        0.000%                0        0.000%
MAP_STAGE_NOT_STALLED                             7042       91.147%             7042       91.147%
MAP_STAGE_OFF_PATH                                 684        8.853%              684        8.853%
                                                  7726      100.000%             7726      100.000%
                                                  1.09         0.43              1.09         0.43

MAP_STAGE_STALL_ITSELF                               0        0.000%                0        0.000%
MAP_STAGE_NOT_STALL_ITSELF                        7726      100.000%             7726      100.000%
                                                  7726      100.000%             7726      100.000%
                                                  1.00         1.00              1.00         1.00

MAP_STAGE_LATE_ALLOCATE_SEND_BACK                    0                              0              

MAP_STAGE_RENAME_OP_ONPATH                        1069                           1069              

MAP_STAGE_RENAME_OP_OFFPATH                        500                            500              

MAP_STAGE_RENAME_INT_REG_ONPATH                    561                            561              

MAP_STAGE_RENAME_INT_REG_OFFPATH                    22                             22              

MAP_STAGE_RENAME_VEC_REG_ONPATH                      6                              6              

MAP_STAGE_RENAME_VEC_REG_OFFPATH                     0                              0              

MAP_STAGE_RENAME_MOVE_ELIM_ONPATH                    0                              0              

MAP_STAGE_RENAME_MOVE_ELIM_OFFPATH                   0                              0              

MAP_STAGE_ONPATH_INT_REG_NUM_ALLOC                 543                            543              

MAP_STAGE_ONPATH_VEC_REG_NUM_ALLOC                   4                              4              

MAP_STAGE_ONPATH_INT_REG_NUM_SHORTLIVE             192                            192              

MAP_STAGE_ONPATH_VEC_REG_NUM_SHORTLIVE               0                              0              

MAP_STAGE_ONPATH_INT_REG_USE_COUNT_0                51                             51              

MAP_STAGE_ONPATH_VEC_REG_USE_COUNT_0                 0                              0              

MAP_STAGE_ONPATH_INT_REG_USE_COUNT_1               336                            336              

MAP_STAGE_ONPATH_VEC_REG_USE_COUNT_1                 1                              1              

MAP_STAGE_ONPATH_INT_REG_USE_COUNT_2                77                             77              

MAP_STAGE_ONPATH_VEC_REG_USE_COUNT_2                 1                              1              

MAP_STAGE_ONPATH_INT_REG_USE_COUNT_3                31                             31              

MAP_STAGE_ONPATH_VEC_REG_USE_COUNT_3                 2                              2              

MAP_STAGE_ONPATH_INT_REG_USE_COUNT_4                16                             16              

MAP_STAGE_ONPATH_VEC_REG_USE_COUNT_4                 0                              0              

MAP_STAGE_ONPATH_INT_REG_USE_COUNT_5                 9                              9              

MAP_STAGE_ONPATH_VEC_REG_USE_COUNT_5                 0                              0              

MAP_STAGE_ONPATH_INT_REG_USE_COUNT_6                 4                              4              

MAP_STAGE_ONPATH_VEC_REG_USE_COUNT_6                 0                              0              

MAP_STAGE_ONPATH_INT_REG_USE_COUNT_7_PLUS            19                             19              

MAP_STAGE_ONPATH_VEC_REG_USE_COUNT_7_PLUS             0                              0              

MAP_STAGE_ONPATH_INT_REG_CONSUME_DIST_0              0        0.0000                0        0.0000

MAP_STAGE_ONPATH_VEC_REG_CONSUME_DIST_0              0          -nan                0          -nan

MAP_STAGE_ONPATH_INT_REG_CONSUME_DIST_1              0        0.0000                0        0.0000

MAP_STAGE_ONPATH_VEC_REG_CONSUME_DIST_1              0        0.0000                0        0.0000

MAP_STAGE_ONPATH_INT_REG_CONSUME_DIST_2           7505       97.4675             7505       97.4675

MAP_STAGE_ONPATH_VEC_REG_CONSUME_DIST_2           1109     1109.0000             1109     1109.0000

MAP_STAGE_ONPATH_INT_REG_CONSUME_DIST_3           3628      117.0323             3628      117.0323

MAP_STAGE_ONPATH_VEC_REG_CONSUME_DIST_3              7        3.5000                7        3.5000

MAP_STAGE_ONPATH_INT_REG_CONSUME_DIST_4           3778      236.1250             3778      236.1250

MAP_STAGE_ONPATH_VEC_REG_CONSUME_DIST_4              0          -nan                0          -nan

MAP_STAGE_ONPATH_INT_REG_CONSUME_DIST_5           3625      402.7778             3625      402.7778

MAP_STAGE_ONPATH_VEC_REG_CONSUME_DIST_5              0          -nan                0          -nan

MAP_STAGE_ONPATH_INT_REG_CONSUME_DIST_6            709      177.2500              709      177.2500

MAP_STAGE_ONPATH_VEC_REG_CONSUME_DIST_6              0          -nan                0          -nan

MAP_STAGE_ONPATH_INT_REG_CONSUME_DIST_7_PLUS          8444      444.4211             8444      444.4211

MAP_STAGE_ONPATH_VEC_REG_CONSUME_DIST_7_PLUS             0          -nan                0          -nan

MAP_STAGE_INT_REG_ISSUE_READ_TOTAL_CONSUMED          1006        1.8126             1006        1.8126

MAP_STAGE_VEC_REG_ISSUE_READ_TOTAL_CONSUMED            16        0.0288               16        0.0288

MAP_STAGE_INT_REG_ISSUE_READ_MULTI_CONSUMED           500        0.9009              500        0.9009

MAP_STAGE_VEC_REG_ISSUE_READ_MULTI_CONSUMED             8        0.0144                8        0.0144

MAP_STAGE_INT_REG_ISSUE_READ_SAME_CYCLE_CONSUMED           184        0.3315              184        0.3315

MAP_STAGE_VEC_REG_ISSUE_READ_SAME_CYCLE_CONSUMED             1        0.0018                1        0.0018

MAP_STAGE_INT_REG_ISSUE_READ_TOTAL_CONSUMED_ONPATH          1004        2.3187             1004        2.3187

MAP_STAGE_VEC_REG_ISSUE_READ_TOTAL_CONSUMED_ONPATH            16        0.0370               16        0.0370

MAP_STAGE_INT_REG_ISSUE_READ_MULTI_CONSUMED_ONPATH           498        1.1501              498        1.1501

MAP_STAGE_VEC_REG_ISSUE_READ_MULTI_CONSUMED_ONPATH             8        0.0185                8        0.0185

MAP_STAGE_INT_REG_ISSUE_READ_SAME_CYCLE_CONSUMED_ONPATH           184        0.4249              184        0.4249

MAP_STAGE_VEC_REG_ISSUE_READ_SAME_CYCLE_CONSUMED_ONPATH             1        0.0023                1        0.0023

MAP_STAGE_ONPATH_INT_REG_LIFECYCLE_EMPTY         69842                          69842              

MAP_STAGE_ONPATH_VEC_REG_LIFECYCLE_EMPTY           158                            158              

MAP_STAGE_ONPATH_INT_REG_LIFECYCLE_IN_USE        165667                         165667              

MAP_STAGE_ONPATH_VEC_REG_LIFECYCLE_IN_USE          1283                           1283              

MAP_STAGE_ONPATH_INT_REG_LIFECYCLE_SPEC_RELEASE        361852                         361852              

MAP_STAGE_ONPATH_VEC_REG_LIFECYCLE_SPEC_RELEASE          2558                           2558              

MAP_STAGE_ONPATH_INT_REG_LIFECYCLE_NONSPEC_RELEASE        361852                         361852              

MAP_STAGE_ONPATH_VEC_REG_LIFECYCLE_NONSPEC_RELEASE          2558                           2558              

MAP_STAGE_ONPATH_INT_REG_LIFECYCLE_TOTAL        361852                         361852              

MAP_STAGE_ONPATH_VEC_REG_LIFECYCLE_TOTAL          2558                           2558              

MAP_STAGE_ONPATH_INT_REG_NUM_NONBRANCH             543                            543              

MAP_STAGE_ONPATH_VEC_REG_NUM_NONBRANCH               4                              4              

MAP_STAGE_ONPATH_INT_REG_NUM_NONEXCEPT             543                            543              

MAP_STAGE_ONPATH_VEC_REG_NUM_NONEXCEPT               4                              4              

MAP_STAGE_ONPATH_INT_REG_NUM_ATOMIC                543                            543              

MAP_STAGE_ONPATH_VEC_REG_NUM_ATOMIC                  4                              4              

MAP_STAGE_ONPATH_INT_REG_ATOMIC_REDEFINED_DIST_TOTAL        361852      666.3941           361852      666.3941

MAP_STAGE_ONPATH_VEC_REG_ATOMIC_REDEFINED_DIST_TOTAL          2558      639.5000             2558      639.5000

MAP_STAGE_ONPATH_INT_REG_ATOMIC_CONSUMED_DIST_TOTAL        165667      305.0958           165667      305.0958

MAP_STAGE_ONPATH_VEC_REG_ATOMIC_CONSUMED_DIST_TOTAL          1283      320.7500             1283      320.7500

MAP_STAGE_ONPATH_INT_REG_ATOMIC_RELEASE_DIST_TOTAL        361852      666.3941           361852      666.3941

MAP_STAGE_ONPATH_VEC_REG_ATOMIC_RELEASE_DIST_TOTAL          2558      639.5000             2558      639.5000

EXEC_STAGE_STARVED                                7067       91.470%             7067       91.470%
EXEC_STAGE_NOT_STARVED                              43        0.557%               43        0.557%
EXEC_STAGE_OFF_PATH                                616        7.973%              616        7.973%
                                                  7726      100.000%             7726      100.000%
                                                  0.17         0.52              0.17         0.52

FU_BUSY_0                                          428                            428              

FU_BUSY_1                                          244                            244              

FU_BUSY_2                                          156                            156              

FU_BUSY_3                                          118                            118              

FU_BUSY_4                                          152                            152              

FU_BUSY_5                                          176                            176              

FU_BUSY_6                                          104                            104              

FU_BUSY_7                                          128                            128              

FU_BUSY_8                                            0                              0              

FU_BUSY_9                                            0                              0              

FU_BUSY_10                                           0                              0              

FU_BUSY_11                                           0                              0              

FU_BUSY_12                                           0                              0              

FU_BUSY_13                                           0                              0              

FU_BUSY_14                                           0                              0              

FU_BUSY_15                                           0                              0              

FU_BUSY_16                                           0                              0              

FU_BUSY_17                                           0                              0              

FU_BUSY_18                                           0                              0              

FU_BUSY_19                                           0                              0              

FU_BUSY_20                                           0                              0              

FU_BUSY_21                                           0                              0              

FU_BUSY_22                                           0                              0              

FU_BUSY_23                                           0                              0              

FU_BUSY_24                                           0                              0              

FU_BUSY_25                                           0                              0              

FU_BUSY_26                                           0                              0              

FU_BUSY_27                                           0                              0              

FU_BUSY_28                                           0                              0              

FU_BUSY_29                                           0                              0              

FU_BUSY_30                                           0                              0              

FU_BUSY_31                                           0                              0              

FU_REJECTED_OP_INV_NOT_SIMD                          0        0.000%                0        0.000%
FU_REJECTED_OP_NOP_NOT_SIMD                          0        0.000%                0        0.000%
FU_REJECTED_OP_CF_NOT_SIMD                           1       50.000%                1       50.000%
FU_REJECTED_OP_MOV_NOT_SIMD                          0        0.000%                0        0.000%
FU_REJECTED_OP_CMOV_NOT_SIMD                         0        0.000%                0        0.000%
FU_REJECTED_OP_LDA_NOT_SIMD                          0        0.000%                0        0.000%
FU_REJECTED_OP_IMEM_NOT_SIMD                         0        0.000%                0        0.000%
FU_REJECTED_OP_IADD_NOT_SIMD                         1       50.000%                1       50.000%
FU_REJECTED_OP_IMUL_NOT_SIMD                         0        0.000%                0        0.000%
FU_REJECTED_OP_IDIV_NOT_SIMD                         0        0.000%                0        0.000%
FU_REJECTED_OP_ICMP_NOT_SIMD                         0        0.000%                0        0.000%
FU_REJECTED_OP_LOGIC_NOT_SIMD                        0        0.000%                0        0.000%
FU_REJECTED_OP_SHIFT_NOT_SIMD                        0        0.000%                0        0.000%
FU_REJECTED_OP_FMEM_NOT_SIMD                         0        0.000%                0        0.000%
FU_REJECTED_OP_FCVT_NOT_SIMD                         0        0.000%                0        0.000%
FU_REJECTED_OP_FADD_NOT_SIMD                         0        0.000%                0        0.000%
FU_REJECTED_OP_FMUL_NOT_SIMD                         0        0.000%                0        0.000%
FU_REJECTED_OP_FMA_NOT_SIMD                          0        0.000%                0        0.000%
FU_REJECTED_OP_FDIV_NOT_SIMD                         0        0.000%                0        0.000%
FU_REJECTED_OP_FCMP_NOT_SIMD                         0        0.000%                0        0.000%
FU_REJECTED_OP_FCMOV_NOT_SIMD                        0        0.000%                0        0.000%
FU_REJECTED_OP_GATHER_NOT_SIMD                       0        0.000%                0        0.000%
FU_REJECTED_OP_SCATTER_NOT_SIMD                      0        0.000%                0        0.000%
FU_REJECTED_OP_PIPELINED_FAST_NOT_SIMD               0        0.000%                0        0.000%
FU_REJECTED_OP_PIPELINED_MEDIUM_NOT_SIMD             0        0.000%                0        0.000%
FU_REJECTED_OP_PIPELINED_SLOW_NOT_SIMD               0        0.000%                0        0.000%
FU_REJECTED_OP_NOTPIPELINED_MEDIUM_NOT_SIMD             0        0.000%                0        0.000%
FU_REJECTED_OP_NOTPIPELINED_SLOW_NOT_SIMD             0        0.000%                0        0.000%
FU_REJECTED_OP_NOTPIPELINED_VERY_SLOW_NOT_SIMD             0        0.000%                0        0.000%
FU_REJECTED_OP_INV_SIMD                              0        0.000%                0        0.000%
FU_REJECTED_OP_NOP_SIMD                              0        0.000%                0        0.000%
FU_REJECTED_OP_CF_SIMD                               0        0.000%                0        0.000%
FU_REJECTED_OP_MOV_SIMD                              0        0.000%                0        0.000%
FU_REJECTED_OP_CMOV_SIMD                             0        0.000%                0        0.000%
FU_REJECTED_OP_LDA_SIMD                              0        0.000%                0        0.000%
FU_REJECTED_OP_IMEM_SIMD                             0        0.000%                0        0.000%
FU_REJECTED_OP_IADD_SIMD                             0        0.000%                0        0.000%
FU_REJECTED_OP_IMUL_SIMD                             0        0.000%                0        0.000%
FU_REJECTED_OP_IDIV_SIMD                             0        0.000%                0        0.000%
FU_REJECTED_OP_ICMP_SIMD                             0        0.000%                0        0.000%
FU_REJECTED_OP_LOGIC_SIMD                            0        0.000%                0        0.000%
FU_REJECTED_OP_SHIFT_SIMD                            0        0.000%                0        0.000%
FU_REJECTED_OP_FMEM_SIMD                             0        0.000%                0        0.000%
FU_REJECTED_OP_FCVT_SIMD                             0        0.000%                0        0.000%
FU_REJECTED_OP_FADD_SIMD                             0        0.000%                0        0.000%
FU_REJECTED_OP_FMUL_SIMD                             0        0.000%                0        0.000%
FU_REJECTED_OP_FMA_SIMD                              0        0.000%                0        0.000%
FU_REJECTED_OP_FDIV_SIMD                             0        0.000%                0        0.000%
FU_REJECTED_OP_FCMP_SIMD                             0        0.000%                0        0.000%
FU_REJECTED_OP_FCMOV_SIMD                            0        0.000%                0        0.000%
FU_REJECTED_OP_GATHER_SIMD                           0        0.000%                0        0.000%
FU_REJECTED_OP_SCATTER_SIMD                          0        0.000%                0        0.000%
FU_REJECTED_OP_PIPELINED_FAST_SIMD                   0        0.000%                0        0.000%
FU_REJECTED_OP_PIPELINED_MEDIUM_SIMD                 0        0.000%                0        0.000%
FU_REJECTED_OP_PIPELINED_SLOW_SIMD                   0        0.000%                0        0.000%
FU_REJECTED_OP_NOTPIPELINED_MEDIUM_SIMD              0        0.000%                0        0.000%
FU_REJECTED_OP_NOTPIPELINED_SLOW_SIMD                0        0.000%                0        0.000%
FU_REJECTED_OP_NOTPIPELINED_VERY_SLOW_SIMD             0        0.000%                0        0.000%
                                                     2      100.000%                2      100.000%
                                                  4.50         3.54              4.50         3.54

LSQ_FULL_TOTAL                                       0                              0              

LSQ_FULL_LOAD_QUEUE                                  0                              0              

LSQ_FULL_STORE_QUEUE                                 0                              0              

OP_WAIT_0                                          468                            468              

OP_WAIT_1                                          517                            517              

OP_WAIT_2                                           58                             58              

OP_WAIT_3                                            8                              8              

OP_WAIT_4                                            6                              6              

OP_WAIT_5                                            4                              4              

OP_WAIT_6                                            3                              3              

OP_WAIT_7                                            3                              3              

OP_WAIT_8                                            1                              1              

OP_WAIT_9                                            0                              0              

OP_WAIT_10                                           0                              0              

OP_WAIT_11                                           0                              0              

OP_WAIT_12                                           0                              0              

OP_WAIT_13                                           0                              0              

OP_WAIT_14                                           0                              0              

OP_WAIT_15                                           0                              0              

OP_WAIT_16                                           0                              0              

OP_WAIT_17                                           0                              0              

OP_WAIT_18                                           0                              0              

OP_WAIT_19                                           0                              0              

OP_WAIT_20                                           0                              0              

OP_WAIT_21                                           0                              0              

OP_WAIT_22                                           0                              0              

OP_WAIT_23                                           0                              0              

OP_WAIT_24                                           0                              0              

OP_WAIT_25                                           0                              0              

OP_WAIT_26                                           0                              0              

OP_WAIT_27                                           0                              0              

OP_WAIT_28                                           0                              0              

OP_WAIT_29                                           0                              0              

OP_WAIT_30                                           0                              0              

OP_WAIT_31                                           0                              0              

ROW_SIZE_0                                        6371                           6371              

ROW_SIZE_1                                          47                             47              

ROW_SIZE_2                                          23                             23              

ROW_SIZE_3                                          12                             12              

ROW_SIZE_4                                          10                             10              

ROW_SIZE_5                                           7                              7              

ROW_SIZE_6                                         144                            144              

ROW_SIZE_7                                           0                              0              

ROW_SIZE_8                                           0                              0              

ROW_SIZE_9                                           0                              0              

ROW_SIZE_10                                          0                              0              

ROW_SIZE_11                                          0                              0              

ROW_SIZE_12                                          0                              0              

ROW_SIZE_13                                          0                              0              

ROW_SIZE_14                                          0                              0              

ROW_SIZE_15                                          0                              0              

ROW_SIZE_16                                          0                              0              

ROW_SIZE_17                                          0                              0              

ROW_SIZE_18                                          0                              0              

ROW_SIZE_19                                          0                              0              

ROW_SIZE_20                                          0                              0              

ROW_SIZE_21                                          0                              0              

ROW_SIZE_22                                          0                              0              

ROW_SIZE_23                                          0                              0              

ROW_SIZE_24                                          0                              0              

ROW_SIZE_25                                          0                              0              

ROW_SIZE_26                                          0                              0              

ROW_SIZE_27                                          0                              0              

ROW_SIZE_28                                          0                              0              

ROW_SIZE_29                                          0                              0              

ROW_SIZE_30                                          0                              0              

ROW_SIZE_31                                          0                              0              

RET_OP_EXEC_COUNT_0                                  0        0.000%                0        0.000%
RET_OP_EXEC_COUNT_1                               1068      100.000%             1068      100.000%
RET_OP_EXEC_COUNT_2                                  0        0.000%                0        0.000%
RET_OP_EXEC_COUNT_3                                  0        0.000%                0        0.000%
RET_OP_EXEC_COUNT_4                                  0        0.000%                0        0.000%
RET_OP_EXEC_COUNT_5                                  0        0.000%                0        0.000%
RET_OP_EXEC_COUNT_6                                  0        0.000%                0        0.000%
RET_OP_EXEC_COUNT_7                                  0        0.000%                0        0.000%
RET_OP_EXEC_COUNT_8                                  0        0.000%                0        0.000%
RET_OP_EXEC_COUNT_9                                  0        0.000%                0        0.000%
RET_OP_EXEC_COUNT_10                                 0        0.000%                0        0.000%
RET_OP_EXEC_COUNT_11                                 0        0.000%                0        0.000%
RET_OP_EXEC_COUNT_12                                 0        0.000%                0        0.000%
RET_OP_EXEC_COUNT_13                                 0        0.000%                0        0.000%
RET_OP_EXEC_COUNT_14                                 0        0.000%                0        0.000%
RET_OP_EXEC_COUNT_15                                 0        0.000%                0        0.000%
RET_OP_EXEC_COUNT_16                                 0        0.000%                0        0.000%
RET_OP_EXEC_COUNT_17                                 0        0.000%                0        0.000%
RET_OP_EXEC_COUNT_18                                 0        0.000%                0        0.000%
RET_OP_EXEC_COUNT_19                                 0        0.000%                0        0.000%
RET_OP_EXEC_COUNT_20                                 0        0.000%                0        0.000%
RET_OP_EXEC_COUNT_21                                 0        0.000%                0        0.000%
RET_OP_EXEC_COUNT_22                                 0        0.000%                0        0.000%
RET_OP_EXEC_COUNT_23                                 0        0.000%                0        0.000%
RET_OP_EXEC_COUNT_24                                 0        0.000%                0        0.000%
RET_OP_EXEC_COUNT_25                                 0        0.000%                0        0.000%
RET_OP_EXEC_COUNT_26                                 0        0.000%                0        0.000%
RET_OP_EXEC_COUNT_27                                 0        0.000%                0        0.000%
RET_OP_EXEC_COUNT_28                                 0        0.000%                0        0.000%
RET_OP_EXEC_COUNT_29                                 0        0.000%                0        0.000%
RET_OP_EXEC_COUNT_30                                 0        0.000%                0        0.000%
RET_OP_EXEC_COUNT_31                                 0        0.000%                0        0.000%
RET_OP_EXEC_COUNT_32                                 0        0.000%                0        0.000%
                                                  1068      100.000%             1068      100.000%
                                                  1.00         0.00              1.00         0.00

RET_STALL_LENGTH_0                                1045       97.846%             1045       97.846%
RET_STALL_LENGTH_100                                11        1.030%               11        1.030%
RET_STALL_LENGTH_200                                 7        0.655%                7        0.655%
RET_STALL_LENGTH_300                                 0        0.000%                0        0.000%
RET_STALL_LENGTH_400                                 3        0.281%                3        0.281%
RET_STALL_LENGTH_500                                 0        0.000%                0        0.000%
RET_STALL_LENGTH_600                                 2        0.187%                2        0.187%
RET_STALL_LENGTH_700                                 0        0.000%                0        0.000%
RET_STALL_LENGTH_800                                 0        0.000%                0        0.000%
RET_STALL_LENGTH_900                                 0        0.000%                0        0.000%
RET_STALL_LENGTH_1000                                0        0.000%                0        0.000%
RET_STALL_LENGTH_1100                                0        0.000%                0        0.000%
RET_STALL_LENGTH_1200                                0        0.000%                0        0.000%
RET_STALL_LENGTH_1300                                0        0.000%                0        0.000%
RET_STALL_LENGTH_1400                                0        0.000%                0        0.000%
RET_STALL_LENGTH_1500                                0        0.000%                0        0.000%
RET_STALL_LENGTH_1600                                0        0.000%                0        0.000%
RET_STALL_LENGTH_1700                                0        0.000%                0        0.000%
RET_STALL_LENGTH_1800                                0        0.000%                0        0.000%
RET_STALL_LENGTH_1900                                0        0.000%                0        0.000%
RET_STALL_LENGTH_2000                                0        0.000%                0        0.000%
RET_STALL_LENGTH_2100                                0        0.000%                0        0.000%
RET_STALL_LENGTH_2200                                0        0.000%                0        0.000%
RET_STALL_LENGTH_2300                                0        0.000%                0        0.000%
RET_STALL_LENGTH_2400                                0        0.000%                0        0.000%
RET_STALL_LENGTH_2500                                0        0.000%                0        0.000%
RET_STALL_LENGTH_2600                                0        0.000%                0        0.000%
RET_STALL_LENGTH_2700                                0        0.000%                0        0.000%
RET_STALL_LENGTH_2800                                0        0.000%                0        0.000%
RET_STALL_LENGTH_2900                                0        0.000%                0        0.000%
RET_STALL_LENGTH_3000                                0        0.000%                0        0.000%
RET_STALL_LENGTH_3100                                0        0.000%                0        0.000%
RET_STALL_LENGTH_3200                                0        0.000%                0        0.000%
RET_STALL_LENGTH_3300                                0        0.000%                0        0.000%
RET_STALL_LENGTH_3400                                0        0.000%                0        0.000%
RET_STALL_LENGTH_3500                                0        0.000%                0        0.000%
RET_STALL_LENGTH_3600                                0        0.000%                0        0.000%
RET_STALL_LENGTH_3700                                0        0.000%                0        0.000%
RET_STALL_LENGTH_3800                                0        0.000%                0        0.000%
RET_STALL_LENGTH_3900                                0        0.000%                0        0.000%
RET_STALL_LENGTH_4000                                0        0.000%                0        0.000%
RET_STALL_LENGTH_4100                                0        0.000%                0        0.000%
RET_STALL_LENGTH_4200                                0        0.000%                0        0.000%
RET_STALL_LENGTH_4300                                0        0.000%                0        0.000%
RET_STALL_LENGTH_4400                                0        0.000%                0        0.000%
RET_STALL_LENGTH_4500                                0        0.000%                0        0.000%
RET_STALL_LENGTH_4600                                0        0.000%                0        0.000%
RET_STALL_LENGTH_4700                                0        0.000%                0        0.000%
RET_STALL_LENGTH_4800                                0        0.000%                0        0.000%
RET_STALL_LENGTH_4900                                0        0.000%                0        0.000%
RET_STALL_LENGTH_5000                                0        0.000%                0        0.000%
                                                  1068      100.000%             1068      100.000%
                                                  0.05         0.38              0.05         0.38

MEM_BLOCK_LENGTH_0                                   3       75.000%                3       75.000%
MEM_BLOCK_LENGTH_100                                 1       25.000%                1       25.000%
MEM_BLOCK_LENGTH_200                                 0        0.000%                0        0.000%
MEM_BLOCK_LENGTH_300                                 0        0.000%                0        0.000%
MEM_BLOCK_LENGTH_400                                 0        0.000%                0        0.000%
MEM_BLOCK_LENGTH_500                                 0        0.000%                0        0.000%
MEM_BLOCK_LENGTH_600                                 0        0.000%                0        0.000%
MEM_BLOCK_LENGTH_700                                 0        0.000%                0        0.000%
MEM_BLOCK_LENGTH_800                                 0        0.000%                0        0.000%
MEM_BLOCK_LENGTH_900                                 0        0.000%                0        0.000%
MEM_BLOCK_LENGTH_1000                                0        0.000%                0        0.000%
MEM_BLOCK_LENGTH_1100                                0        0.000%                0        0.000%
MEM_BLOCK_LENGTH_1200                                0        0.000%                0        0.000%
MEM_BLOCK_LENGTH_1300                                0        0.000%                0        0.000%
MEM_BLOCK_LENGTH_1400                                0        0.000%                0        0.000%
MEM_BLOCK_LENGTH_1500                                0        0.000%                0        0.000%
MEM_BLOCK_LENGTH_1600                                0        0.000%                0        0.000%
MEM_BLOCK_LENGTH_1700                                0        0.000%                0        0.000%
MEM_BLOCK_LENGTH_1800                                0        0.000%                0        0.000%
MEM_BLOCK_LENGTH_1900                                0        0.000%                0        0.000%
MEM_BLOCK_LENGTH_2000                                0        0.000%                0        0.000%
MEM_BLOCK_LENGTH_2100                                0        0.000%                0        0.000%
MEM_BLOCK_LENGTH_2200                                0        0.000%                0        0.000%
MEM_BLOCK_LENGTH_2300                                0        0.000%                0        0.000%
MEM_BLOCK_LENGTH_2400                                0        0.000%                0        0.000%
MEM_BLOCK_LENGTH_2500                                0        0.000%                0        0.000%
MEM_BLOCK_LENGTH_2600                                0        0.000%                0        0.000%
MEM_BLOCK_LENGTH_2700                                0        0.000%                0        0.000%
MEM_BLOCK_LENGTH_2800                                0        0.000%                0        0.000%
MEM_BLOCK_LENGTH_2900                                0        0.000%                0        0.000%
MEM_BLOCK_LENGTH_3000                                0        0.000%                0        0.000%
MEM_BLOCK_LENGTH_3100                                0        0.000%                0        0.000%
MEM_BLOCK_LENGTH_3200                                0        0.000%                0        0.000%
MEM_BLOCK_LENGTH_3300                                0        0.000%                0        0.000%
MEM_BLOCK_LENGTH_3400                                0        0.000%                0        0.000%
MEM_BLOCK_LENGTH_3500                                0        0.000%                0        0.000%
MEM_BLOCK_LENGTH_3600                                0        0.000%                0        0.000%
MEM_BLOCK_LENGTH_3700                                0        0.000%                0        0.000%
MEM_BLOCK_LENGTH_3800                                0        0.000%                0        0.000%
MEM_BLOCK_LENGTH_3900                                0        0.000%                0        0.000%
MEM_BLOCK_LENGTH_4000                                0        0.000%                0        0.000%
MEM_BLOCK_LENGTH_4100                                0        0.000%                0        0.000%
MEM_BLOCK_LENGTH_4200                                0        0.000%                0        0.000%
MEM_BLOCK_LENGTH_4300                                0        0.000%                0        0.000%
MEM_BLOCK_LENGTH_4400                                0        0.000%                0        0.000%
MEM_BLOCK_LENGTH_4500                                0        0.000%                0        0.000%
MEM_BLOCK_LENGTH_4600                                0        0.000%                0        0.000%
MEM_BLOCK_LENGTH_4700                                0        0.000%                0        0.000%
MEM_BLOCK_LENGTH_4800                                0        0.000%                0        0.000%
MEM_BLOCK_LENGTH_4900                                0        0.000%                0        0.000%
MEM_BLOCK_LENGTH_5000                                0        0.000%                0        0.000%
                                                     4      100.000%                4      100.000%
                                                  0.25         0.43              0.25         0.43

FUS_BUSY_ON_PATH                                  1108        0.1434             1108        0.1434

FUS_BUSY_OFF_PATH                                  398        0.0515              398        0.0515

FU_BUSY_MEM_STALL                                   39        0.0050               39        0.0050

FUS_EMPTY                                        60302        7.8051            60302        7.8051

FU_UNAVAILABLE                                       1        0.0001                1        0.0001

FU_MEM_UNAVAILABLE                                   1        0.0001                1        0.0001

FU_OTHER_UNAVAILABLE                                 0        0.0000                0        0.0000

FU_REPLAY                                            0        0.0000                0        0.0000

FU_STARVED                                       60267        7.8005            60267        7.8005

CHIP_UTILIZATION                                     0        0.0000                0        0.0000

CYCLES_UNDER_MEM_REQ                                 0                              0              

CYCLES_UNDER_NO_MEM_REQ                              0                              0              

CYCLES_UNDER_CRITICAL_MEM_REQ                        0                              0              

CYCLES_UNDER_NONCRITICAL_MEM_REQ                     0                              0              

CHIP_UTILIZATION_UNDER_MEM_REQ                       0          -nan                0          -nan

CHIP_UTILIZATION_UNDER_NO_MEM_REQ                    0          -nan                0          -nan

CHIP_UTILIZATION_UNDER_CRITICAL_MEM_REQ              0          -nan                0          -nan

CHIP_UTILIZATION_UNDER_NONCRITICAL_MEM_REQ             0          -nan                0          -nan

CYCLES_NOT_WAITING_FOR_OFF_CHIP                      0        0.0000                0        0.0000

FUS_BUSY_NOT_WAITING_FOR_OFF_CHIP                    0          -nan                0          -nan

CYCLES_WAITING_FOR_OFF_CHIP                          0        0.0000                0        0.0000

FUS_BUSY_WAITING_FOR_OFF_CHIP                        0          -nan                0          -nan

TOTAL_OFF_CHIP_DELAYS_LEFT                           0                              0              

WRONG_IO_SCHED                                       0                              0              

DVFS_CONFIG_SWITCH                                   0                              0              

MAP_STAGE_RECEIVED_OPS_0                             0        0.000%                0        0.000%
MAP_STAGE_RECEIVED_OPS_1                             5        2.242%                5        2.242%
MAP_STAGE_RECEIVED_OPS_2                             9        4.036%                9        4.036%
MAP_STAGE_RECEIVED_OPS_3                             8        3.587%                8        3.587%
MAP_STAGE_RECEIVED_OPS_4                             7        3.139%                7        3.139%
MAP_STAGE_RECEIVED_OPS_5                           194       86.996%              194       86.996%
MAP_STAGE_RECEIVED_OPS_6                             0        0.000%                0        0.000%
MAP_STAGE_RECEIVED_OPS_7                             0        0.000%                0        0.000%
MAP_STAGE_RECEIVED_OPS_8                             0        0.000%                0        0.000%
MAP_STAGE_RECEIVED_OPS_MAX                           0        0.000%                0        0.000%
                                                   223      100.000%              223      100.000%
                                                  4.69         0.90              4.69         0.90

MAP_STAGE_WAIT_FOR_DECODE                            0         -nan%                0         -nan%
MAP_STAGE_CONSUME_DECODE                             0         -nan%                0         -nan%
                                                     0         -nan%                0         -nan%
                                                  -nan         -nan              -nan         -nan

MAP_STAGE_WAIT_FOR_DECODE2                           0         -nan%                0         -nan%
MAP_STAGE_CONSUME_DECODE2                            0         -nan%                0         -nan%
                                                     0         -nan%                0         -nan%
                                                  -nan         -nan              -nan         -nan

FTQ_RECOVER_EXEC                                    11                             11              

FTQ_RECOVER_DECODE                                  15                             15              

FTQ_OFFPATH_CYCLES                                7425                           7425              

FTQ_CYCLES_OFFPATH                                7648                           7648              

FTQ_CYCLES_ONPATH                                   78                             78              

FTQ_FETCHED_INS_ONPATH                            1167                           1167              

FTQ_FETCHED_INS_OFFPATH                          13993                          13993              

FTQ_BREAK_FULL_FT_ONPATH                             0                              0              

FTQ_BREAK_FULL_FT_OFFPATH                         7053                           7053              

FTQ_BREAK_PRED_BR_ONPATH                             0                              0              

FTQ_BREAK_PRED_BR_OFFPATH                            0                              0              

FTQ_BREAK_BAR_FETCH_ONPATH                           0                              0              

FTQ_BREAK_BAR_FETCH_OFFPATH                          0                              0              

FTQ_BREAK_MAX_CFS_TAKEN_ONPATH                       0                              0              

FTQ_BREAK_MAX_CFS_TAKEN_OFFPATH                      0                              0              

FTQ_BREAK_MAX_FT_ONPATH                             77                             77              

FTQ_BREAK_MAX_FT_OFFPATH                           596                            596              

DFE_GEN_ON_PATH_FT                                 104                            104              

DFE_GEN_OFF_PATH_FT                                673                            673              

FTQ_SAW_BAR_FETCH_OFFPATH                            0                              0              

FTQ_SAW_BAR_FETCH_ONPATH                             0                              0              

DFE_CONF_0_MISPRED                                   0         -nan%                0         -nan%
DFE_CONF_1_MISPRED                                   0         -nan%                0         -nan%
DFE_CONF_2_MISPRED                                   0         -nan%                0         -nan%
DFE_CONF_3_MISPRED                                   0         -nan%                0         -nan%
DFE_CONF_0_CORRECT                                   0         -nan%                0         -nan%
DFE_CONF_1_CORRECT                                   0         -nan%                0         -nan%
DFE_CONF_2_CORRECT                                   0         -nan%                0         -nan%
DFE_CONF_3_CORRECT                                   0         -nan%                0         -nan%
                                                     0         -nan%                0         -nan%
                                                  -nan         -nan              -nan         -nan

DFE_ON_CONF_ON_OPS                                   0         -nan%                0         -nan%
DFE_ON_CONF_OFF_OPS                                  0         -nan%                0         -nan%
DFE_OFF_CONF_ON_OPS                                  0         -nan%                0         -nan%
DFE_OFF_CONF_OFF_REALISTIC_OPS                       0         -nan%                0         -nan%
DFE_OFF_CONF_OFF_PERFECT_OPS                         0         -nan%                0         -nan%
                                                     0         -nan%                0         -nan%
                                                  -nan         -nan              -nan         -nan

DFE_ON_CONF_ON_FETCH_TARGETS                         0         -nan%                0         -nan%
DFE_ON_CONF_OFF_FETCH_TARGETS                        0         -nan%                0         -nan%
DFE_OFF_CONF_ON_FETCH_TARGETS                        0         -nan%                0         -nan%
DFE_OFF_CONF_OFF_REALISTIC_FETCH_TARGETS             0         -nan%                0         -nan%
DFE_OFF_CONF_OFF_PERFECT_FETCH_TARGETS               0         -nan%                0         -nan%
                                                     0         -nan%                0         -nan%
                                                  -nan         -nan              -nan         -nan

DFE_ON_CONF_ON_CYCLES                                0         -nan%                0         -nan%
DFE_ON_CONF_OFF_CYCLES                               0         -nan%                0         -nan%
DFE_OFF_CONF_ON_CYCLES                               0         -nan%                0         -nan%
DFE_OFF_CONF_OFF_REALISTIC_CYCLES                    0         -nan%                0         -nan%
DFE_OFF_CONF_OFF_PERFECT_CYCLES                      0         -nan%                0         -nan%
                                                     0         -nan%                0         -nan%
                                                  -nan         -nan              -nan         -nan

DFE_OFF_CONF_ON_NUM_EVENTS                           0                              0              

DFE_OFF_CONF_ON_NOT_IDENTIFIED_EVENTS                0         -nan%                0         -nan%
DFE_OFF_CONF_ON_IBTB_MISS_EVENTS                     0         -nan%                0         -nan%
DFE_OFF_CONF_ON_BTB_MISS_EVENTS                      0         -nan%                0         -nan%
DFE_OFF_CONF_ON_BTB_MISS_MISPRED_EVENTS              0         -nan%                0         -nan%
DFE_OFF_CONF_ON_MISPRED_EVENTS                       0         -nan%                0         -nan%
DFE_OFF_CONF_ON_MISFETCH_EVENTS                      0         -nan%                0         -nan%
                                                     0         -nan%                0         -nan%
                                                  -nan         -nan              -nan         -nan

DFE_OFF_CONF_ON_NOT_IDENTIFIED_CYCLES                0         -nan%                0         -nan%
DFE_OFF_CONF_ON_IBTB_MISS_CYCLES                     0         -nan%                0         -nan%
DFE_OFF_CONF_ON_BTB_MISS_CYCLES                      0         -nan%                0         -nan%
DFE_OFF_CONF_ON_BTB_MISS_MISPRED_CYCLES              0         -nan%                0         -nan%
DFE_OFF_CONF_ON_MISPRED_CYCLES                       0         -nan%                0         -nan%
DFE_OFF_CONF_ON_MISFETCH_CYCLES                      0         -nan%                0         -nan%
                                                     0         -nan%                0         -nan%
                                                  -nan         -nan              -nan         -nan

DFE_OFF_CONF_ON_NOT_IDENTIFIED_FETCH_TARGETS             0         -nan%                0         -nan%
DFE_OFF_CONF_ON_IBTB_MISS_FETCH_TARGETS              0         -nan%                0         -nan%
DFE_OFF_CONF_ON_BTB_MISS_FETCH_TARGETS               0         -nan%                0         -nan%
DFE_OFF_CONF_ON_BTB_MISS_MISPRED_FETCH_TARGETS             0         -nan%                0         -nan%
DFE_OFF_CONF_ON_MISPRED_FETCH_TARGETS                0         -nan%                0         -nan%
DFE_OFF_CONF_ON_MISFETCH_FETCH_TARGETS               0         -nan%                0         -nan%
                                                     0         -nan%                0         -nan%
                                                  -nan         -nan              -nan         -nan

DFE_OFF_CONF_ON_BP_INCORRECT_0_CONF                  0         -nan%                0         -nan%
DFE_OFF_CONF_ON_BP_INCORRECT_1_CONF                  0         -nan%                0         -nan%
DFE_OFF_CONF_ON_BP_INCORRECT_2_CONF                  0         -nan%                0         -nan%
DFE_OFF_CONF_ON_BP_INCORRECT_3_CONF                  0         -nan%                0         -nan%
                                                     0         -nan%                0         -nan%
                                                  -nan         -nan              -nan         -nan

DFE_OFF_CONF_ON_BTB_MISS_CBR_0_CONF                  0         -nan%                0         -nan%
DFE_OFF_CONF_ON_BTB_MISS_CBR_1_CONF                  0         -nan%                0         -nan%
DFE_OFF_CONF_ON_BTB_MISS_CBR_2_CONF                  0         -nan%                0         -nan%
DFE_OFF_CONF_ON_BTB_MISS_CBR_3_CONF                  0         -nan%                0         -nan%
                                                     0         -nan%                0         -nan%
                                                  -nan         -nan              -nan         -nan

DFE_OFF_CONF_ON_BTB_MISS_NOT_CF                      0         -nan%                0         -nan%
DFE_OFF_CONF_ON_BTB_MISS_CF_BR                       0         -nan%                0         -nan%
DFE_OFF_CONF_ON_BTB_MISS_CF_CBR                      0         -nan%                0         -nan%
DFE_OFF_CONF_ON_BTB_MISS_CF_CALL                     0         -nan%                0         -nan%
DFE_OFF_CONF_ON_BTB_MISS_CF_IBR                      0         -nan%                0         -nan%
DFE_OFF_CONF_ON_BTB_MISS_CF_ICALL                    0         -nan%                0         -nan%
DFE_OFF_CONF_ON_BTB_MISS_CF_ICO                      0         -nan%                0         -nan%
DFE_OFF_CONF_ON_BTB_MISS_CF_RET                      0         -nan%                0         -nan%
DFE_OFF_CONF_ON_BTB_MISS_CF_SYS                      0         -nan%                0         -nan%
                                                     0         -nan%                0         -nan%
                                                  -nan         -nan              -nan         -nan

DFE_ON_CONF_OFF_NUM_EVENTS                           0                              0              

CONF_BTB_NUM_CYCLES_OFF_PATH_EVENT                   0                              0              

DFE_ON_CONF_OFF_IBTB_MISS_BP_TAKEN                   0         -nan%                0         -nan%
DFE_ON_CONF_OFF_BTB_MISS_BP_TAKEN_CONF_0             0         -nan%                0         -nan%
DFE_ON_CONF_OFF_BTB_MISS_BP_TAKEN_CONF_1             0         -nan%                0         -nan%
DFE_ON_CONF_OFF_BTB_MISS_BP_TAKEN_CONF_2             0         -nan%                0         -nan%
DFE_ON_CONF_OFF_BTB_MISS_BP_TAKEN_CONF_3             0         -nan%                0         -nan%
DFE_ON_CONF_OFF_BTB_MISS_RATE                        0         -nan%                0         -nan%
DFE_ON_CONF_OFF_IBTB_MISS_RATE                       0         -nan%                0         -nan%
DFE_ON_CONF_OFF_MISFETCH_RATE                        0         -nan%                0         -nan%
DFE_ON_CONF_OFF_MISPRED_RATE                         0         -nan%                0         -nan%
DFE_ON_CONF_OFF_INV_CONF_INC                         0         -nan%                0         -nan%
DFE_ON_CONF_OFF_PERFECT_CONF                         0         -nan%                0         -nan%
                                                     0         -nan%                0         -nan%
                                                  -nan         -nan              -nan         -nan

DFE_ON_CONF_OFF_IBTB_MISS_BP_TAKEN_CYCLES             0         -nan%                0         -nan%
DFE_ON_CONF_OFF_BTB_MISS_BP_TAKEN_CONF_0_CYCLES             0         -nan%                0         -nan%
DFE_ON_CONF_OFF_BTB_MISS_BP_TAKEN_CONF_1_CYCLES             0         -nan%                0         -nan%
DFE_ON_CONF_OFF_BTB_MISS_BP_TAKEN_CONF_2_CYCLES             0         -nan%                0         -nan%
DFE_ON_CONF_OFF_BTB_MISS_BP_TAKEN_CONF_3_CYCLES             0         -nan%                0         -nan%
DFE_ON_CONF_OFF_BTB_MISS_RATE_CYCLES                 0         -nan%                0         -nan%
DFE_ON_CONF_OFF_IBTB_MISS_RATE_CYCLES                0         -nan%                0         -nan%
DFE_ON_CONF_OFF_MISFETCH_RATE_CYCLES                 0         -nan%                0         -nan%
DFE_ON_CONF_OFF_MISPRED_RATE_CYCLES                  0         -nan%                0         -nan%
DFE_ON_CONF_OFF_INV_CONF_INC_CYCLES                  0         -nan%                0         -nan%
DFE_ON_CONF_OFF_PERFECT_CONF_CYCLES                  0         -nan%                0         -nan%
                                                     0         -nan%                0         -nan%
                                                  -nan         -nan              -nan         -nan

DFE_ON_CONF_OFF_IBTB_MISS_BP_TAKEN_FETCH_TARGETS             0         -nan%                0         -nan%
DFE_ON_CONF_OFF_BTB_MISS_BP_TAKEN_CONF_0_FETCH_TARGETS             0         -nan%                0         -nan%
DFE_ON_CONF_OFF_BTB_MISS_BP_TAKEN_CONF_1_FETCH_TARGETS             0         -nan%                0         -nan%
DFE_ON_CONF_OFF_BTB_MISS_BP_TAKEN_CONF_2_FETCH_TARGETS             0         -nan%                0         -nan%
DFE_ON_CONF_OFF_BTB_MISS_BP_TAKEN_CONF_3_FETCH_TARGETS             0         -nan%                0         -nan%
DFE_ON_CONF_OFF_BTB_MISS_RATE_FETCH_TARGETS             0         -nan%                0         -nan%
DFE_ON_CONF_OFF_IBTB_MISS_RATE_FETCH_TARGETS             0         -nan%                0         -nan%
DFE_ON_CONF_OFF_MISFETCH_RATE_FETCH_TARGETS             0         -nan%                0         -nan%
DFE_ON_CONF_OFF_MISPRED_RATE_FETCH_TARGETS             0         -nan%                0         -nan%
DFE_ON_CONF_OFF_INV_CONF_INC_FETCH_TARGETS             0         -nan%                0         -nan%
DFE_ON_CONF_OFF_PERFECT_CONF_FETCH_TARGETS             0         -nan%                0         -nan%
                                                     0         -nan%                0         -nan%
                                                  -nan         -nan              -nan         -nan

CONF_OFF_IBTB_MISS_BP_TAKEN                          0         -nan%                0         -nan%
CONF_OFF_BTB_MISS_BP_TAKEN_CONF_0                    0         -nan%                0         -nan%
CONF_OFF_BTB_MISS_BP_TAKEN_CONF_1                    0         -nan%                0         -nan%
CONF_OFF_BTB_MISS_BP_TAKEN_CONF_2                    0         -nan%                0         -nan%
CONF_OFF_BTB_MISS_BP_TAKEN_CONF_3                    0         -nan%                0         -nan%
CONF_OFF_BTB_MISS_RATE                               0         -nan%                0         -nan%
CONF_OFF_IBTB_MISS_RATE                              0         -nan%                0         -nan%
CONF_OFF_MISFETCH_RATE                               0         -nan%                0         -nan%
CONF_OFF_MISPRED_RATE                                0         -nan%                0         -nan%
CONF_OFF_INV_CONF_INC                                0         -nan%                0         -nan%
CONF_OFF_PERFECT_CONF                                0         -nan%                0         -nan%
                                                     0         -nan%                0         -nan%
                                                  -nan         -nan              -nan         -nan

TOPDOWN_TOTAL_SLOTS                              46356                          46356              

TOPDOWN_ISSUED_SLOTS                              1759                           1759              

TOPDOWN_RETIRED_SLOTS                             1069                           1069              

TOPDOWN_FETCH_BUBBLES_SLOTS                      44140                          44140              

TOPDOWN_RECOVERY_BUBBLES_SLOTS                     254                            254              

TOPDOWN_MEM_LOAD_STALLS_CYCLES                      32                             32              

TOPDOWN_MEM_STORE_STALLS_CYCLES                      0                              0              

TOPDOWN_EXEC_STALLS_CYCLES                        6040                           6040              

TOPDOWN_BACKEND_STALLS_CYCLES                       33                             33              

TOPDOWN_FETCH_BUBBLES_GT_MIW_CYCLES               7285                           7285              

TOPDOWN_BR_MISPRED_RETIRED_CYCLES                   11                             11              

TOPDOWN_MACHINE_CLEAR_CYCLES                        26                             26              

TOPDOWN_FRONTEND_BOUND                               0                              0              

TOPDOWN_BACKEND_BOUND                                0                              0              

TOPDOWN_BAD_SPEC_BOUND                               0                              0              

TOPDOWN_RETIRING_BOUND                               0                              0              

TOPDOWN_FETCH_LATENCY_BOUND                          0                              0              

TOPDOWN_FETCH_BANDWIDTH_BOUND                        0                              0              

TOPDOWN_MEM_BOUND                                    0                              0              

TOPDOWN_CORE_BOUND                                   0                              0              

TOPDOWN_BR_MISPREDICTS_BOUND                         0                              0              

TOPDOWN_MACHINE_CLEARS_BOUND                         0                              0              



