/* -*- Mode: c -*- */
####################################################################################################
Core 0
####################################################################################################
Cumulative:        Cycles: 7726                  Instructions: 1003                  IPC: 0.12982

Periodic:          Cycles: 7726                  Instructions: 1003                  IPC: 0.12982

MISS_WAIT_TIME                                  137524                         137524              

ICACHE_STAGE_MISS                                   46                             46              

ICACHE_CYCLE                                      7726                           7726              

TCACHE_CYCLE                                         0                              0              

ICACHE_SERVING_CYCLE_ON_PATH                       232                            232              

ICACHE_SERVING_CYCLE_OFF_PATH                      309                            309              

UCACHE_SERVING_CYCLE_ON_PATH                         0                              0              

UCACHE_SERVING_CYCLE_OFF_PATH                       18                             18              

ICACHE_CYCLE_ONPATH                               6810       88.144%             6810       88.144%
ICACHE_CYCLE_OFFPATH                               916       11.856%              916       11.856%
                                                  7726      100.000%             7726      100.000%
                                                  0.12         0.31              0.12         0.31

FETCH_ON_PATH                                     6836       88.480%             6836       88.480%
FETCH_OFF_PATH                                     890       11.520%              890       11.520%
                                                  7726      100.000%             7726      100.000%
                                                  0.12         0.30              0.12         0.30

FETCHED_OPS_ON_PATH                                  0         -nan%                0         -nan%
FETCHED_OPS_OFF_PATH                                 0         -nan%                0         -nan%
                                                     0         -nan%                0         -nan%
                                                  -nan         -nan              -nan         -nan

INST_LOST_FETCH                                   1069        2.768%             1069        2.768%
INST_LOST_OFF_PATH                                1614        4.179%             1614        4.179%
INST_LOST_FULL_WINDOW                                0        0.000%                0        0.000%
INST_LOST_ROB_STALL_OTHER                            0        0.000%                0        0.000%
INST_LOST_ROB_STALL_WAIT_FOR_RECOVERY                0        0.000%                0        0.000%
INST_LOST_ROB_STALL_WAIT_FOR_REDIRECT                0        0.000%                0        0.000%
INST_LOST_ROB_STALL_WAIT_FOR_GAP_FILL                0        0.000%                0        0.000%
INST_LOST_ROB_STALL_WAIT_FOR_L1_MISS                 0        0.000%                0        0.000%
INST_LOST_ROB_STALL_WAIT_FOR_MEMORY                  0        0.000%                0        0.000%
INST_LOST_ROB_STALL_WAIT_FOR_DC_MISS                 0        0.000%                0        0.000%
INST_LOST_ROB_BLOCK_ISSUE_FULL                       0        0.000%                0        0.000%
INST_LOST_ROB_BLOCK_ISSUE_GAP_TOO_LARGE              0        0.000%                0        0.000%
INST_LOST_BREAK_DONT                                 0        0.000%                0        0.000%
INST_LOST_BREAK_FT_UNAVAILABLE                     130        0.337%              130        0.337%
INST_LOST_BREAK_ICACHE_STAGE_RESTEER                 5        0.013%                5        0.013%
INST_LOST_BREAK_ICACHE_MISS_REQ_SUCCESS            167        0.432%              167        0.432%
INST_LOST_BREAK_ICACHE_MISS_REQ_FAILURE            140        0.363%              140        0.363%
INST_LOST_BREAK_ICACHE_WAIT_FOR_MISS             35460       91.822%            35460       91.822%
INST_LOST_BREAK_ICACHE_STALLED                       0        0.000%                0        0.000%
INST_LOST_BREAK_ICACHE_TO_UOP_CACHE_SWITCH            18        0.047%               18        0.047%
INST_LOST_BREAK_ICACHE_READ_LIMIT                    7        0.018%                7        0.018%
INST_LOST_BREAK_ICACHE_ISSUE_WIDTH                   0        0.000%                0        0.000%
INST_LOST_BREAK_UOP_CACHE_STALLED                    0        0.000%                0        0.000%
INST_LOST_BREAK_UOP_CACHE_TO_ICACHE_SWITCH             7        0.018%                7        0.018%
INST_LOST_BREAK_UOP_CACHE_READ_LIMIT                 1        0.003%                1        0.003%
INST_LOST_BREAK_UOP_CACHE_ISSUE_WIDTH                0        0.000%                0        0.000%
                                                 38618      100.000%            38618      100.000%
                                                 15.84         3.24             15.84         3.24

INST_LOST_TOTAL                                  38648                          38648              

INST_LOST_WAIT_FOR_ICACHE_MISS_NOT_PREFETCHED         23890       73.159%            23890       73.159%
INST_LOST_WAIT_FOR_ICACHE_MISS_PREFETCHED_AND_EVICTED_BY_IFETCH             0        0.000%                0        0.000%
INST_LOST_WAIT_FOR_ICACHE_MISS_PREFETCHED_AND_EVICTED_BY_FDIP             0        0.000%                0        0.000%
INST_LOST_WAIT_FOR_ICACHE_MISS_MSHR_HIT_PREF_OFFPATH             0        0.000%                0        0.000%
INST_LOST_WAIT_FOR_ICACHE_MISS_MSHR_HIT_PREF_ONPATH          8765       26.841%             8765       26.841%
                                                 32655      100.000%            32655      100.000%
                                                  1.07         1.61              1.07         1.61

FETCH_0_OPS                                       7167       92.765%             7167       92.765%
FETCH_1_OPS                                          8        0.104%                8        0.104%
FETCH_2_OPS                                         10        0.129%               10        0.129%
FETCH_3_OPS                                         13        0.168%               13        0.168%
FETCH_4_OPS                                          8        0.104%                8        0.104%
FETCH_5_OPS                                        506        6.549%              506        6.549%
FETCH_6_OPS                                         14        0.181%               14        0.181%
FETCH_7_OPS                                          0        0.000%                0        0.000%
FETCH_8_OPS                                          0        0.000%                0        0.000%
FETCH_9_OPS                                          0        0.000%                0        0.000%
FETCH_10_OPS                                         0        0.000%                0        0.000%
FETCH_11_OPS                                         0        0.000%                0        0.000%
FETCH_12_OPS                                         0        0.000%                0        0.000%
FETCH_13_OPS                                         0        0.000%                0        0.000%
FETCH_14_OPS                                         0        0.000%                0        0.000%
FETCH_15_OPS                                         0        0.000%                0        0.000%
FETCH_16_OPS                                         0        0.000%                0        0.000%
                                                  7726      100.000%             7726      100.000%
                                                  0.35         1.23              0.35         1.23

ST_BREAK_DONT                                        0        0.000%                0        0.000%
ST_BREAK_FT_UNAVAILABLE                             26        0.337%               26        0.337%
ST_BREAK_ICACHE_STAGE_RESTEER                        1        0.013%                1        0.013%
ST_BREAK_ICACHE_MISS_REQ_SUCCESS                    46        0.595%               46        0.595%
ST_BREAK_ICACHE_MISS_REQ_FAILURE                    28        0.362%               28        0.362%
ST_BREAK_ICACHE_WAIT_FOR_MISS                     7092       91.794%             7092       91.794%
ST_BREAK_ICACHE_STALLED                              6        0.078%                6        0.078%
ST_BREAK_ICACHE_TO_UOP_CACHE_SWITCH                  6        0.078%                6        0.078%
ST_BREAK_ICACHE_READ_LIMIT                           5        0.065%                5        0.065%
ST_BREAK_ICACHE_ISSUE_WIDTH                        498        6.446%              498        6.446%
ST_BREAK_UOP_CACHE_STALLED                           0        0.000%                0        0.000%
ST_BREAK_UOP_CACHE_TO_ICACHE_SWITCH                  3        0.039%                3        0.039%
ST_BREAK_UOP_CACHE_READ_LIMIT                        1        0.013%                1        0.013%
ST_BREAK_UOP_CACHE_ISSUE_WIDTH                      14        0.181%               14        0.181%
                                                  7726      100.000%             7726      100.000%
                                                  5.25         1.12              5.25         1.12

ORACLE_ON_PATH_INST                               1069       39.843%             1069       39.843%
ORACLE_OFF_PATH_INST                              1614       60.157%             1614       60.157%
                                                  2683      100.000%             2683      100.000%
                                                  0.60         0.56              0.60         0.56

ORACLE_ON_PATH_INST_MEM                            465       17.331%              465       17.331%
ORACLE_ON_PATH_INST_NOTMEM                         604       22.512%              604       22.512%
ORACLE_OFF_PATH_INST_MEM                            87        3.243%               87        3.243%
ORACLE_OFF_PATH_INST_NOTMEM                       1527       56.914%             1527       56.914%
                                                  2683      100.000%             2683      100.000%
                                                  2.00         1.75              2.00         1.75

ICACHE_CYCLE_NONRA_ONPATH                            0         -nan%                0         -nan%
ICACHE_CYCLE_NONRA_OFFPATH                           0         -nan%                0         -nan%
ICACHE_CYCLE_RA_ONPATH                               0         -nan%                0         -nan%
ICACHE_CYCLE_RA_OFFPATH                              0         -nan%                0         -nan%
                                                     0         -nan%                0         -nan%
                                                  -nan         -nan              -nan         -nan

ICACHE_CYCLE_ONPATH_NONRA                            0         -nan%                0         -nan%
ICACHE_CYCLE_OFFPATH_NONRA                           0         -nan%                0         -nan%
                                                     0         -nan%                0         -nan%
                                                  -nan         -nan              -nan         -nan

ICACHE_CYCLE_ONPATH_RA                               0         -nan%                0         -nan%
ICACHE_CYCLE_OFFPATH_RA                              0         -nan%                0         -nan%
                                                     0         -nan%                0         -nan%
                                                  -nan         -nan              -nan         -nan

INACCURATE_OFFPATH_CYCLES                            0        0.0000                0        0.0000

FETCH_ALL_INST                                    2683                           2683              

EXEC_ALL_INST                                     1467                           1467              

RET_ALL_INST                                      1068                           1068              

EXEC_ON_PATH_INST                                 1069       72.870%             1069       72.870%
EXEC_OFF_PATH_INST                                 398       27.130%              398       27.130%
                                                  1467      100.000%             1467      100.000%
                                                  0.27         0.41              0.27         0.41

EXEC_ON_PATH_INST_MEM                              465       31.697%              465       31.697%
EXEC_ON_PATH_INST_NOTMEM                           604       41.172%              604       41.172%
EXEC_OFF_PATH_INST_MEM                               2        0.136%                2        0.136%
EXEC_OFF_PATH_INST_NOTMEM                          396       26.994%              396       26.994%
                                                  1467      100.000%             1467      100.000%
                                                  1.22         1.13              1.22         1.13

EXEC_RA_INST                                         0         -nan%                0         -nan%
EXEC_NONRA_INST                                      0         -nan%                0         -nan%
                                                     0         -nan%                0         -nan%
                                                  -nan         -nan              -nan         -nan

EXEC_ON_PATH_INST_RA                                 0         -nan%                0         -nan%
EXEC_OFF_PATH_INST_RA                                0         -nan%                0         -nan%
                                                     0         -nan%                0         -nan%
                                                  -nan         -nan              -nan         -nan

EXEC_ON_PATH_INST_NONRA                              0         -nan%                0         -nan%
EXEC_OFF_PATH_INST_NONRA                             0         -nan%                0         -nan%
                                                     0         -nan%                0         -nan%
                                                  -nan         -nan              -nan         -nan

EXEC_RA_ON_PATH_INST                                 0         -nan%                0         -nan%
EXEC_RA_OFF_PATH_INST                                0         -nan%                0         -nan%
EXEC_NONRA_ON_PATH_INST                              0         -nan%                0         -nan%
EXEC_NONRA_OFF_PATH_INST                             0         -nan%                0         -nan%
                                                     0         -nan%                0         -nan%
                                                  -nan         -nan              -nan         -nan

ICACHE_THROTTLE_CYCLE                                0                              0              

FETCH_ENABLE_THROTTLE_OFF_PATH                       0         -nan%                0         -nan%
FETCH_ENABLE_THROTTLE_ON_PATH                        0         -nan%                0         -nan%
                                                     0         -nan%                0         -nan%
                                                  -nan         -nan              -nan         -nan

FETCH_DISABLE_THROTTLE_OFF_PATH                      0         -nan%                0         -nan%
FETCH_DISABLE_THROTTLE_ON_PATH                       0         -nan%                0         -nan%
                                                     0         -nan%                0         -nan%
                                                  -nan         -nan              -nan         -nan

FETCH_TH_ADJUST__0                                   0         -nan%                0         -nan%
FETCH_TH_ADJUST__1                                   0         -nan%                0         -nan%
FETCH_TH_ADJUST__2                                   0         -nan%                0         -nan%
FETCH_TH_ADJUST__3                                   0         -nan%                0         -nan%
FETCH_TH_ADJUST__4                                   0         -nan%                0         -nan%
FETCH_TH_ADJUST__5                                   0         -nan%                0         -nan%
FETCH_TH_ADJUST__6                                   0         -nan%                0         -nan%
FETCH_TH_ADJUST__7                                   0         -nan%                0         -nan%
FETCH_TH_ADJUST__8                                   0         -nan%                0         -nan%
FETCH_TH_ADJUST__9                                   0         -nan%                0         -nan%
FETCH_TH_ADJUST__MAX                                 0         -nan%                0         -nan%
                                                     0         -nan%                0         -nan%
                                                  -nan         -nan              -nan         -nan

FETCH_TH_ADJUST_UP                                   0         -nan%                0         -nan%
FETCH_TH_ADJUST_DOWN                                 0         -nan%                0         -nan%
FETCH_TH_ADJUST_SAME                                 0         -nan%                0         -nan%
                                                     0         -nan%                0         -nan%
                                                  -nan         -nan              -nan         -nan

THROTTLE_ADJUST_CACHE_MISS_INFO                      0                              0              

LOW_CONF_COUNT_BP_MIS_0                              0         -nan%                0         -nan%
LOW_CONF_COUNT_BP_MIS_1                              0         -nan%                0         -nan%
LOW_CONF_COUNT_BP_MIS_2                              0         -nan%                0         -nan%
LOW_CONF_COUNT_BP_MIS_3                              0         -nan%                0         -nan%
LOW_CONF_COUNT_BP_MIS_4                              0         -nan%                0         -nan%
LOW_CONF_COUNT_BP_MIS_5                              0         -nan%                0         -nan%
LOW_CONF_COUNT_BP_MIS_6                              0         -nan%                0         -nan%
LOW_CONF_COUNT_BP_MIS_7                              0         -nan%                0         -nan%
LOW_CONF_COUNT_BP_MIS_8                              0         -nan%                0         -nan%
LOW_CONF_COUNT_BP_MIS_9                              0         -nan%                0         -nan%
LOW_CONF_COUNT_BP_MIS_10                             0         -nan%                0         -nan%
LOW_CONF_COUNT_BP_MIS_11                             0         -nan%                0         -nan%
LOW_CONF_COUNT_BP_MIS_12                             0         -nan%                0         -nan%
LOW_CONF_COUNT_BP_MIS_13                             0         -nan%                0         -nan%
LOW_CONF_COUNT_BP_MIS_14                             0         -nan%                0         -nan%
LOW_CONF_COUNT_BP_MIS_15                             0         -nan%                0         -nan%
LOW_CONF_COUNT_BP_MIS_16                             0         -nan%                0         -nan%
LOW_CONF_COUNT_BP_MIS_17                             0         -nan%                0         -nan%
LOW_CONF_COUNT_BP_MIS_18                             0         -nan%                0         -nan%
LOW_CONF_COUNT_BP_MIS_19                             0         -nan%                0         -nan%
LOW_CONF_COUNT_BP_MIS_20                             0         -nan%                0         -nan%
                                                     0         -nan%                0         -nan%
                                                  -nan         -nan              -nan         -nan

LOW_CONF_COUNT_RET_0                                 0         -nan%                0         -nan%
LOW_CONF_COUNT_RET_1                                 0         -nan%                0         -nan%
LOW_CONF_COUNT_RET_2                                 0         -nan%                0         -nan%
LOW_CONF_COUNT_RET_3                                 0         -nan%                0         -nan%
LOW_CONF_COUNT_RET_4                                 0         -nan%                0         -nan%
LOW_CONF_COUNT_RET_5                                 0         -nan%                0         -nan%
LOW_CONF_COUNT_RET_6                                 0         -nan%                0         -nan%
LOW_CONF_COUNT_RET_7                                 0         -nan%                0         -nan%
LOW_CONF_COUNT_RET_8                                 0         -nan%                0         -nan%
LOW_CONF_COUNT_RET_9                                 0         -nan%                0         -nan%
LOW_CONF_COUNT_RET_10                                0         -nan%                0         -nan%
LOW_CONF_COUNT_RET_11                                0         -nan%                0         -nan%
LOW_CONF_COUNT_RET_12                                0         -nan%                0         -nan%
LOW_CONF_COUNT_RET_13                                0         -nan%                0         -nan%
LOW_CONF_COUNT_RET_14                                0         -nan%                0         -nan%
LOW_CONF_COUNT_RET_15                                0         -nan%                0         -nan%
LOW_CONF_COUNT_RET_16                                0         -nan%                0         -nan%
LOW_CONF_COUNT_RET_17                                0         -nan%                0         -nan%
LOW_CONF_COUNT_RET_18                                0         -nan%                0         -nan%
LOW_CONF_COUNT_RET_19                                0         -nan%                0         -nan%
LOW_CONF_COUNT_RET_20                                0         -nan%                0         -nan%
                                                     0         -nan%                0         -nan%
                                                  -nan         -nan              -nan         -nan

CYCLES_RESTEER_MISPRED                               0         -nan%                0         -nan%
CYCLES_RESTEER_MISFETCH                              0         -nan%                0         -nan%
CYCLES_RESTEER_BTB_MISS                              0         -nan%                0         -nan%
                                                     0         -nan%                0         -nan%
                                                  -nan         -nan              -nan         -nan

CYCLES_RESTEER_MISPRED_SAVED_UC_FETCH                0         -nan%                0         -nan%
CYCLES_RESTEER_MISPRED_COULD_BE_SAVED_UC_FETCH             0         -nan%                0         -nan%
CYCLES_RESTEER_MISFETCH_SAVED_UC_FETCH               0         -nan%                0         -nan%
CYCLES_RESTEER_MISFETCH_COULD_BE_SAVED_UC_FETCH             0         -nan%                0         -nan%
CYCLES_RESTEER_BTB_MISS_SAVED_UC_FETCH               0         -nan%                0         -nan%
CYCLES_RESTEER_BTB_MISS_COULD_BE_SAVED_UC_FETCH             0         -nan%                0         -nan%
                                                     0         -nan%                0         -nan%
                                                  -nan         -nan              -nan         -nan

CYCLES_UOC_IC_SWITCH                                 0                              0              



