/* -*- Mode: c -*- */
####################################################################################################
Core 0
####################################################################################################
Cumulative:        Cycles: 7726                  Instructions: 1003                  IPC: 0.12982

Periodic:          Cycles: 7726                  Instructions: 1003                  IPC: 0.12982

ST_OP_INV                                            0        0.000%                0        0.000%
ST_OP_NOP                                        13504       88.988%            13504       88.988%
ST_OP_CF                                           275        1.812%              275        1.812%
ST_OP_MOV                                          331        2.181%              331        2.181%
ST_OP_CMOV                                           0        0.000%                0        0.000%
ST_OP_LDA                                            0        0.000%                0        0.000%
ST_OP_ILD                                          377        2.484%              377        2.484%
ST_OP_IST                                          291        1.918%              291        1.918%
ST_OP_IADD                                         372        2.451%              372        2.451%
ST_OP_IMUL                                           0        0.000%                0        0.000%
ST_OP_IDIV                                           0        0.000%                0        0.000%
ST_OP_ICMP                                           0        0.000%                0        0.000%
ST_OP_LOGIC                                          0        0.000%                0        0.000%
ST_OP_SHIFT                                          0        0.000%                0        0.000%
ST_OP_FLD                                            9        0.059%                9        0.059%
ST_OP_FST                                           12        0.079%               12        0.079%
ST_OP_FCVT                                           0        0.000%                0        0.000%
ST_OP_FADD                                           4        0.026%                4        0.026%
ST_OP_FMUL                                           0        0.000%                0        0.000%
ST_OP_FMA                                            0        0.000%                0        0.000%
ST_OP_FDIV                                           0        0.000%                0        0.000%
ST_OP_FCMP                                           0        0.000%                0        0.000%
ST_OP_FCMOV                                          0        0.000%                0        0.000%
ST_OP_GATHER                                         0        0.000%                0        0.000%
ST_OP_SCATTER                                        0        0.000%                0        0.000%
ST_OP_PIPELINED_FAST                                 0        0.000%                0        0.000%
ST_OP_PIPELINED_MEDIUM                               0        0.000%                0        0.000%
ST_OP_PIPELINED_SLOW                                 0        0.000%                0        0.000%
ST_OP_NOTPIPELINED_MEDIUM                            0        0.000%                0        0.000%
ST_OP_NOTPIPELINED_SLOW                              0        0.000%                0        0.000%
ST_OP_NOTPIPELINED_VERY_SLOW                         0        0.000%                0        0.000%
                                                 15175      100.000%            15175      100.000%
                                                  1.50         1.64              1.50         1.64

ST_NOT_CF                                        14900       98.188%            14900       98.188%
ST_CF_BR                                            23        0.152%               23        0.152%
ST_CF_CBR                                          222        1.463%              222        1.463%
ST_CF_REP                                            0        0.000%                0        0.000%
ST_CF_CALL                                          18        0.119%               18        0.119%
ST_CF_IBR                                            1        0.007%                1        0.007%
ST_CF_ICALL                                          0        0.000%                0        0.000%
ST_CF_ICO                                            0        0.000%                0        0.000%
ST_CF_RET                                           11        0.072%               11        0.072%
ST_CF_SYS                                            0        0.000%                0        0.000%
                                                 15175      100.000%            15175      100.000%
                                                  0.04         0.35              0.04         0.35

REP_FIRST                                            0                              0              

ST_BAR_NONE                                      15175      100.000%            15175      100.000%
ST_BAR_FETCH                                         0        0.000%                0        0.000%
ST_BAR_ISSUE                                         0        0.000%                0        0.000%
ST_BAR_BOTH                                          0        0.000%                0        0.000%
                                                 15175      100.000%            15175      100.000%
                                                  0.00         0.00              0.00         0.00

ST_NOT_MEM                                       14486       95.460%            14486       95.460%
ST_MEM_LD                                          386        2.544%              386        2.544%
ST_MEM_ST                                          303        1.997%              303        1.997%
ST_MEM_PF                                            0        0.000%                0        0.000%
ST_MEM_WH                                            0        0.000%                0        0.000%
ST_MEM_EVICT                                         0        0.000%                0        0.000%
                                                 15175      100.000%            15175      100.000%
                                                  0.07         0.31              0.07         0.31

ST_NOT_MEM_OFFPATH                                   0         -nan%                0         -nan%
ST_MEM_LD_OFFPATH                                    0         -nan%                0         -nan%
ST_MEM_ST_OFFPATH                                    0         -nan%                0         -nan%
ST_MEM_PF_OFFPATH                                    0         -nan%                0         -nan%
ST_MEM_WH_OFFPATH                                    0         -nan%                0         -nan%
ST_MEM_EVIC_OFFPATHT                                 0         -nan%                0         -nan%
                                                     0         -nan%                0         -nan%
                                                  -nan         -nan              -nan         -nan

ST_OP_ONPATH                                     15175                          15175              

ST_OP_OFFPATH                                        0                              0              

ST_FAKE_OP_OFFPATH                                   0         -nan%                0         -nan%
ST_NOT_FAKE_OP_OFFPATH                               0         -nan%                0         -nan%
                                                     0         -nan%                0         -nan%
                                                  -nan         -nan              -nan         -nan

ST_FAKE_REASON_NOT_FAKE                              0         -nan%                0         -nan%
ST_FAKE_REASON_REDIRECT_TO_NOT_INSTRUMENTED             0         -nan%                0         -nan%
ST_FAKE_REASON_RETURN_TO_NOT_INSTRUMENTED             0         -nan%                0         -nan%
ST_FAKE_REASON_NONRET_CF_TO_NOT_INSTRUMENTED             0         -nan%                0         -nan%
ST_FAKE_REASON_NOT_TAKEN_TO_NOT_INSTRUMENTED             0         -nan%                0         -nan%
ST_FAKE_REASON_WRONG_PATH_STORE_TO_NEW_REGION             0         -nan%                0         -nan%
                                                     0         -nan%                0         -nan%
                                                  -nan         -nan              -nan         -nan

ST_INST_ONPATH                                   15066                          15066              

ST_INST_OFFPATH                                      0                              0              

STATIC_PIN_NOP                                       0                              0              

DYNAMIC_PIN_REP_GREATER_256                          0                              0              

INST_MAP_UPDATE_JITTED                               0         -nan%                0         -nan%
INST_MAP_UPDATE_ENCODING                             0         -nan%                0         -nan%
INST_MAP_UPDATE_NPC_INV                              0         -nan%                0         -nan%
INST_MAP_UPDATE_NPC_NOP                              0         -nan%                0         -nan%
INST_MAP_UPDATE_NPC_CF                               0         -nan%                0         -nan%
INST_MAP_UPDATE_NPC_MOV                              0         -nan%                0         -nan%
INST_MAP_UPDATE_NPC_CMOV                             0         -nan%                0         -nan%
INST_MAP_UPDATE_NPC_LDA                              0         -nan%                0         -nan%
INST_MAP_UPDATE_NPC_IMEM                             0         -nan%                0         -nan%
INST_MAP_UPDATE_NPC_IADD                             0         -nan%                0         -nan%
INST_MAP_UPDATE_NPC_IMUL                             0         -nan%                0         -nan%
INST_MAP_UPDATE_NPC_IDIV                             0         -nan%                0         -nan%
INST_MAP_UPDATE_NPC_ICMP                             0         -nan%                0         -nan%
INST_MAP_UPDATE_NPC_LOGIC                            0         -nan%                0         -nan%
INST_MAP_UPDATE_NPC_SHIFT                            0         -nan%                0         -nan%
INST_MAP_UPDATE_NPC_FMEM                             0         -nan%                0         -nan%
INST_MAP_UPDATE_NPC_FCVT                             0         -nan%                0         -nan%
INST_MAP_UPDATE_NPC_FADD                             0         -nan%                0         -nan%
INST_MAP_UPDATE_NPC_FMUL                             0         -nan%                0         -nan%
INST_MAP_UPDATE_NPC_FMA                              0         -nan%                0         -nan%
INST_MAP_UPDATE_NPC_FDIV                             0         -nan%                0         -nan%
INST_MAP_UPDATE_NPC_FCMP                             0         -nan%                0         -nan%
INST_MAP_UPDATE_NPC_FCMOV                            0         -nan%                0         -nan%
INST_MAP_UPDATE_NPC_GATHER                           0         -nan%                0         -nan%
INST_MAP_UPDATE_NPC_SCATTER                          0         -nan%                0         -nan%
INST_MAP_UPDATE_NPC_PIPELINED_FAST                   0         -nan%                0         -nan%
INST_MAP_UPDATE_NPC_PIPELINED_MEDIUM                 0         -nan%                0         -nan%
INST_MAP_UPDATE_NPC_PIPELINED_SLOW                   0         -nan%                0         -nan%
INST_MAP_UPDATE_NPC_NOTPIPELINED_MEDIUM              0         -nan%                0         -nan%
INST_MAP_UPDATE_NPC_NOTPIPELINED_SLOW                0         -nan%                0         -nan%
INST_MAP_UPDATE_NPC_NOTPIPELINED_VERY_SLOW             0         -nan%                0         -nan%
INST_MAP_UPDATE_MEM_INV                              0         -nan%                0         -nan%
INST_MAP_UPDATE_MEM_NOP                              0         -nan%                0         -nan%
INST_MAP_UPDATE_MEM_CF                               0         -nan%                0         -nan%
INST_MAP_UPDATE_MEM_MOV                              0         -nan%                0         -nan%
INST_MAP_UPDATE_MEM_CMOV                             0         -nan%                0         -nan%
INST_MAP_UPDATE_MEM_LDA                              0         -nan%                0         -nan%
INST_MAP_UPDATE_MEM_IMEM                             0         -nan%                0         -nan%
INST_MAP_UPDATE_MEM_IADD                             0         -nan%                0         -nan%
INST_MAP_UPDATE_MEM_IMUL                             0         -nan%                0         -nan%
INST_MAP_UPDATE_MEM_IDIV                             0         -nan%                0         -nan%
INST_MAP_UPDATE_MEM_ICMP                             0         -nan%                0         -nan%
INST_MAP_UPDATE_MEM_LOGIC                            0         -nan%                0         -nan%
INST_MAP_UPDATE_MEM_SHIFT                            0         -nan%                0         -nan%
INST_MAP_UPDATE_MEM_FMEM                             0         -nan%                0         -nan%
INST_MAP_UPDATE_MEM_FCVT                             0         -nan%                0         -nan%
INST_MAP_UPDATE_MEM_FADD                             0         -nan%                0         -nan%
INST_MAP_UPDATE_MEM_FMUL                             0         -nan%                0         -nan%
INST_MAP_UPDATE_MEM_FMA                              0         -nan%                0         -nan%
INST_MAP_UPDATE_MEM_FDIV                             0         -nan%                0         -nan%
INST_MAP_UPDATE_MEM_FCMP                             0         -nan%                0         -nan%
INST_MAP_UPDATE_MEM_FCMOV                            0         -nan%                0         -nan%
INST_MAP_UPDATE_MEM_GATHER                           0         -nan%                0         -nan%
INST_MAP_UPDATE_MEM_SCATTER                          0         -nan%                0         -nan%
INST_MAP_UPDATE_MEM_PIPELINED_FAST                   0         -nan%                0         -nan%
INST_MAP_UPDATE_MEM_PIPELINED_MEDIUM                 0         -nan%                0         -nan%
INST_MAP_UPDATE_MEM_PIPELINED_SLOW                   0         -nan%                0         -nan%
INST_MAP_UPDATE_MEM_NOTPIPELINED_MEDIUM              0         -nan%                0         -nan%
INST_MAP_UPDATE_MEM_NOTPIPELINED_SLOW                0         -nan%                0         -nan%
INST_MAP_UPDATE_MEM_NOTPIPELINED_VERY_SLOW             0         -nan%                0         -nan%
                                                     0         -nan%                0         -nan%
                                                  -nan         -nan              -nan         -nan



